2023.05.24 18:09:11 INFO  Started: Metals version 0.11.12 in workspace '/Users/nm/Milestone2' for client Visual Studio Code 1.77.3.[0m
May 24, 2023 6:09:12 PM org.flywaydb.core.internal.license.VersionPrinter printVersionOnly
INFO: Flyway Community Edition 9.16.3 by Redgate
May 24, 2023 6:09:12 PM org.flywaydb.core.internal.license.VersionPrinter printVersion
INFO: See release notes here: https://rd.gt/416ObMi
May 24, 2023 6:09:12 PM org.flywaydb.core.internal.license.VersionPrinter printVersion
INFO: 
May 24, 2023 6:09:12 PM org.flywaydb.core.internal.database.base.BaseDatabaseType createDatabase
INFO: Database: jdbc:h2:file:/Users/nm/Milestone2/.metals/metals (H2 2.1)
May 24, 2023 6:09:12 PM org.flywaydb.core.internal.schemahistory.JdbcTableSchemaHistory allAppliedMigrations
INFO: Schema history table "PUBLIC"."flyway_schema_history" does not exist yet
May 24, 2023 6:09:12 PM org.flywaydb.core.internal.command.DbValidate validate
INFO: Successfully validated 4 migrations (execution time 00:00.024s)
May 24, 2023 6:09:12 PM org.flywaydb.core.internal.schemahistory.JdbcTableSchemaHistory create
INFO: Creating Schema History table "PUBLIC"."flyway_schema_history" ...
May 24, 2023 6:09:12 PM org.flywaydb.core.internal.command.DbMigrate migrateGroup
INFO: Current version of schema "PUBLIC": << Empty Schema >>
May 24, 2023 6:09:12 PM org.flywaydb.core.internal.command.DbMigrate doMigrateGroup
INFO: Migrating schema "PUBLIC" to version "1 - Create tables"
May 24, 2023 6:09:12 PM org.flywaydb.core.internal.command.DbMigrate doMigrateGroup
INFO: Migrating schema "PUBLIC" to version "2 - Server discovery"
May 24, 2023 6:09:12 PM org.flywaydb.core.internal.command.DbMigrate doMigrateGroup
INFO: Migrating schema "PUBLIC" to version "3 - Jar symbols"
May 24, 2023 6:09:12 PM org.flywaydb.core.internal.command.DbMigrate doMigrateGroup
INFO: Migrating schema "PUBLIC" to version "4 - Fingerprints"
May 24, 2023 6:09:12 PM org.flywaydb.core.internal.command.DbMigrate logSummary
INFO: Successfully applied 4 migrations to schema "PUBLIC", now at version v4 (execution time 00:00.104s)
2023.05.24 18:09:12 INFO  time: initialize in 0.86s[0m
2023.05.24 18:09:14 WARN  Build server is not auto-connectable.[0m
2023.05.24 18:09:14 WARN  no build tool detected in workspace '/Users/nm/Milestone2'. The most common cause for this problem is that the editor was opened in the wrong working directory, for example if you use sbt then the workspace directory should contain build.sbt. [0m
2023.05.24 18:09:14 WARN  no build target for: /Users/nm/Downloads/barber_solution (1).scala[0m
2023.05.24 18:09:18 INFO  no build target found for /Users/nm/Downloads/barber_solution (1).scala. Using presentation compiler with project's scala-library version: 3.2.2[0m
2023.05.24 18:09:20 INFO  time: code lens generation in 6.77s[0m
2023.05.24 19:42:45 INFO  Shutting down server[0m
2023.05.24 19:42:45 INFO  shutting down Metals[0m
2023.05.24 19:42:45 INFO  Exiting server[0m
